<?xml version="1.0" encoding="UTF-8"?>
<testng-results ignored="0" total="1" passed="1" failed="0" skipped="0">
  <reporter-output>
  </reporter-output>
  <suite started-at="2022-09-09T11:56:15 IST" name="Default suite" finished-at="2022-09-09T11:56:15 IST" duration-ms="83">
    <groups>
    </groups>
    <test started-at="2022-09-09T11:56:15 IST" name="Default test" finished-at="2022-09-09T11:56:15 IST" duration-ms="83">
      <class name="ddt.ReadDataFromCmdTest">
        <test-method signature="getData()[pri:0, instance:ddt.ReadDataFromCmdTest@120f102b]" started-at="2022-09-09T11:56:15 IST" name="getData" finished-at="2022-09-09T11:56:15 IST" duration-ms="19" status="PASS">
          <reporter-output>
          </reporter-output>
        </test-method> <!-- getData -->
      </class> <!-- ddt.ReadDataFromCmdTest -->
    </test> <!-- Default test -->
  </suite> <!-- Default suite -->
</testng-results>
